0 info it worked if it ends with ok
1 verbose cli [ '/usr/local/bin/node', '/usr/local/bin/npm', 'run', 'dev' ]
2 info using npm@3.10.3
3 info using node@v6.5.0
4 verbose run-script [ 'predev', 'dev', 'postdev' ]
5 info lifecycle baltimore-hackathon@1.0.0~predev: baltimore-hackathon@1.0.0
6 silly lifecycle baltimore-hackathon@1.0.0~predev: no script for predev, continuing
7 info lifecycle baltimore-hackathon@1.0.0~dev: baltimore-hackathon@1.0.0
8 verbose lifecycle baltimore-hackathon@1.0.0~dev: unsafe-perm in lifecycle true
9 verbose lifecycle baltimore-hackathon@1.0.0~dev: PATH: /usr/local/lib/node_modules/npm/bin/node-gyp-bin:/home/donnie/Projects/baltimore-hackathon/node_modules/.bin:/usr/local/bin:/home/donnie/.local/share/umake/bin:/home/donnie/.rvm/gems/ruby-2.2.1/bin:/home/donnie/.rvm/gems/ruby-2.2.1@global/bin:/home/donnie/.rvm/rubies/ruby-2.2.1/bin:/usr/local/heroku/bin:/home/donnie/.local/share/umake/bin:/usr/local/sbin:/usr/local/bin:/usr/sbin:/usr/bin:/sbin:/bin:/usr/games:/usr/local/games:/home/donnie/Android/Sdk/:/snap/bin:/home/donnie/opt/gradle/bin:/home/donnie/.rvm/bin:/snap/bin:/home/donnie/.rvm/bin:/home/donnie/opt/gradle/bin:/home/donnie/.rvm/bin
10 verbose lifecycle baltimore-hackathon@1.0.0~dev: CWD: /home/donnie/Projects/baltimore-hackathon
11 silly lifecycle baltimore-hackathon@1.0.0~dev: Args: [ '-c', 'node server/index.js' ]
12 silly lifecycle baltimore-hackathon@1.0.0~dev: Returned: code: 1  signal: null
13 info lifecycle baltimore-hackathon@1.0.0~dev: Failed to exec dev script
14 verbose stack Error: baltimore-hackathon@1.0.0 dev: `node server/index.js`
14 verbose stack Exit status 1
14 verbose stack     at EventEmitter.<anonymous> (/usr/local/lib/node_modules/npm/lib/utils/lifecycle.js:242:16)
14 verbose stack     at emitTwo (events.js:106:13)
14 verbose stack     at EventEmitter.emit (events.js:191:7)
14 verbose stack     at ChildProcess.<anonymous> (/usr/local/lib/node_modules/npm/lib/utils/spawn.js:40:14)
14 verbose stack     at emitTwo (events.js:106:13)
14 verbose stack     at ChildProcess.emit (events.js:191:7)
14 verbose stack     at maybeClose (internal/child_process.js:877:16)
14 verbose stack     at Process.ChildProcess._handle.onexit (internal/child_process.js:226:5)
15 verbose pkgid baltimore-hackathon@1.0.0
16 verbose cwd /home/donnie/Projects/baltimore-hackathon
17 error Linux 4.4.0-62-generic
18 error argv "/usr/local/bin/node" "/usr/local/bin/npm" "run" "dev"
19 error node v6.5.0
20 error npm  v3.10.3
21 error code ELIFECYCLE
22 error baltimore-hackathon@1.0.0 dev: `node server/index.js`
22 error Exit status 1
23 error Failed at the baltimore-hackathon@1.0.0 dev script 'node server/index.js'.
23 error Make sure you have the latest version of node.js and npm installed.
23 error If you do, this is most likely a problem with the baltimore-hackathon package,
23 error not with npm itself.
23 error Tell the author that this fails on your system:
23 error     node server/index.js
23 error You can get information on how to open an issue for this project with:
23 error     npm bugs baltimore-hackathon
23 error Or if that isn't available, you can get their info via:
23 error     npm owner ls baltimore-hackathon
23 error There is likely additional logging output above.
24 verbose exit [ 1, true ]
